2026-03-20 19:13:29,708 - INFO - Placing order: BTCUSDT, BUY, MARKET, 0.002, None
2026-03-20 19:13:33,493 - INFO - Final order: {'orderId': 12898747181, 'symbol': 'BTCUSDT', 'status': 'FILLED', 'clientOrderId': 'x-Cb7ytekJaab7a4c28f0c4e1b9e7894', 'price': '0', 'avgPrice': '70154.40000', 'origQty': '0.002', 'executedQty': '0.002', 'cumQuote': '140.30880', 'timeInForce': 'GTC', 'type': 'MARKET', 'reduceOnly': False, 'closePosition': False, 'side': 'BUY', 'positionSide': 'BOTH', 'stopPrice': '0', 'workingType': 'CONTRACT_PRICE', 'priceMatch': 'NONE', 'selfTradePreventionMode': 'EXPIRE_MAKER', 'goodTillDate': 0, 'priceProtect': False, 'origType': 'MARKET', 'time': 1774014208883, 'updateTime': 1774014208887}
2026-03-20 19:13:41,348 - INFO - Placing order: BTCUSDT, SELL, LIMIT, 0.002, 60000.0
2026-03-20 19:13:42,916 - ERROR - Order failed: APIError(code=-4024): Limit price can't be lower than 66829.84.
2026-03-20 19:14:27,639 - INFO - Placing order: BTCUSDT, BUY, MARKET, 0.002, None
2026-03-20 19:14:31,725 - INFO - Final order: {'orderId': 12898759333, 'symbol': 'BTCUSDT', 'status': 'FILLED', 'clientOrderId': 'x-Cb7ytekJ4c8b420181a60ab16fd0d', 'price': '0', 'avgPrice': '70174.90000', 'origQty': '0.002', 'executedQty': '0.002', 'cumQuote': '140.34980', 'timeInForce': 'GTC', 'type': 'MARKET', 'reduceOnly': False, 'closePosition': False, 'side': 'BUY', 'positionSide': 'BOTH', 'stopPrice': '0', 'workingType': 'CONTRACT_PRICE', 'priceMatch': 'NONE', 'selfTradePreventionMode': 'EXPIRE_MAKER', 'goodTillDate': 0, 'priceProtect': False, 'origType': 'MARKET', 'time': 1774014266804, 'updateTime': 1774014266827}
2026-03-20 19:14:49,757 - INFO - Placing order: BTCUSDT, SELL, LIMIT, 0.002, 60000.0
2026-03-20 19:14:51,255 - ERROR - Order failed: APIError(code=-4024): Limit price can't be lower than 66736.37.
2026-03-20 19:26:51,721 - INFO - Placing order: BTCUSDT, SELL, LIMIT, 0.002, None
2026-03-20 19:26:53,823 - ERROR - Order failed: APIError(code=-4014): Price not increased by tick size.
2026-03-20 19:29:04,281 - INFO - Placing order: BTCUSDT, SELL, LIMIT, 0.002, None
2026-03-20 19:29:05,936 - ERROR - Order failed: APIError(code=-1111): Precision is over the maximum defined for this asset.
2026-03-20 19:30:19,843 - INFO - Placing order: BTCUSDT, SELL, LIMIT, 0.002, None
2026-03-20 19:30:21,353 - INFO - Initial response: {'orderId': 12898966173, 'symbol': 'BTCUSDT', 'status': 'NEW', 'clientOrderId': 'x-Cb7ytekJ9ea50bb6025e384427085a', 'price': '69846.10', 'avgPrice': '0.00', 'origQty': '0.002', 'executedQty': '0.000', 'cumQty': '0.000', 'cumQuote': '0.00000', 'timeInForce': 'GTC', 'type': 'LIMIT', 'reduceOnly': False, 'closePosition': False, 'side': 'SELL', 'positionSide': 'BOTH', 'stopPrice': '0.00', 'workingType': 'CONTRACT_PRICE', 'priceProtect': False, 'origType': 'LIMIT', 'priceMatch': 'NONE', 'selfTradePreventionMode': 'EXPIRE_MAKER', 'goodTillDate': 0, 'updateTime': 1774015219011}
2026-03-20 19:30:23,545 - INFO - Final order: {'orderId': 12898966173, 'symbol': 'BTCUSDT', 'status': 'FILLED', 'clientOrderId': 'x-Cb7ytekJ9ea50bb6025e384427085a', 'price': '69846.10', 'avgPrice': '69846.10000', 'origQty': '0.002', 'executedQty': '0.002', 'cumQuote': '139.69220', 'timeInForce': 'GTC', 'type': 'LIMIT', 'reduceOnly': False, 'closePosition': False, 'side': 'SELL', 'positionSide': 'BOTH', 'stopPrice': '0', 'workingType': 'CONTRACT_PRICE', 'priceMatch': 'NONE', 'selfTradePreventionMode': 'EXPIRE_MAKER', 'goodTillDate': 0, 'priceProtect': False, 'origType': 'LIMIT', 'time': 1774015218987, 'updateTime': 1774015219871}
2026-03-20 21:04:48,437 - INFO - Placing order: BTCUSDT, BUY, MARKET, 0.002, None
2026-03-20 21:04:49,553 - INFO - Initial response: {'orderId': 12900203692, 'symbol': 'BTCUSDT', 'status': 'NEW', 'clientOrderId': 'x-Cb7ytekJc566f33ec5110befe557e1', 'price': '0.00', 'avgPrice': '0.00', 'origQty': '0.002', 'executedQty': '0.000', 'cumQty': '0.000', 'cumQuote': '0.00000', 'timeInForce': 'GTC', 'type': 'MARKET', 'reduceOnly': False, 'closePosition': False, 'side': 'BUY', 'positionSide': 'BOTH', 'stopPrice': '0.00', 'workingType': 'CONTRACT_PRICE', 'priceProtect': False, 'origType': 'MARKET', 'priceMatch': 'NONE', 'selfTradePreventionMode': 'EXPIRE_MAKER', 'goodTillDate': 0, 'updateTime': 1774020887079}
2026-03-20 21:04:51,829 - INFO - Final order: {'orderId': 12900203692, 'symbol': 'BTCUSDT', 'status': 'FILLED', 'clientOrderId': 'x-Cb7ytekJc566f33ec5110befe557e1', 'price': '0', 'avgPrice': '69887.50000', 'origQty': '0.002', 'executedQty': '0.002', 'cumQuote': '139.77500', 'timeInForce': 'GTC', 'type': 'MARKET', 'reduceOnly': False, 'closePosition': False, 'side': 'BUY', 'positionSide': 'BOTH', 'stopPrice': '0', 'workingType': 'CONTRACT_PRICE', 'priceMatch': 'NONE', 'selfTradePreventionMode': 'EXPIRE_MAKER', 'goodTillDate': 0, 'priceProtect': False, 'origType': 'MARKET', 'time': 1774020887079, 'updateTime': 1774020887079}
2026-03-20 21:04:56,276 - INFO - Placing order: BTCUSDT, SELL, LIMIT, 0.002, None
2026-03-20 21:04:58,195 - INFO - Initial response: {'orderId': 12900205537, 'symbol': 'BTCUSDT', 'status': 'NEW', 'clientOrderId': 'x-Cb7ytekJ706b4ad6d076988773efbb', 'price': '69962.30', 'avgPrice': '0.00', 'origQty': '0.002', 'executedQty': '0.000', 'cumQty': '0.000', 'cumQuote': '0.00000', 'timeInForce': 'GTC', 'type': 'LIMIT', 'reduceOnly': False, 'closePosition': False, 'side': 'SELL', 'positionSide': 'BOTH', 'stopPrice': '0.00', 'workingType': 'CONTRACT_PRICE', 'priceProtect': False, 'origType': 'LIMIT', 'priceMatch': 'NONE', 'selfTradePreventionMode': 'EXPIRE_MAKER', 'goodTillDate': 0, 'updateTime': 1774020895739}
2026-03-20 21:05:00,472 - INFO - Final order: {'orderId': 12900205537, 'symbol': 'BTCUSDT', 'status': 'NEW', 'clientOrderId': 'x-Cb7ytekJ706b4ad6d076988773efbb', 'price': '69962.30', 'avgPrice': '0.00000', 'origQty': '0.002', 'executedQty': '0', 'cumQuote': '0', 'timeInForce': 'GTC', 'type': 'LIMIT', 'reduceOnly': False, 'closePosition': False, 'side': 'SELL', 'positionSide': 'BOTH', 'stopPrice': '0', 'workingType': 'CONTRACT_PRICE', 'priceMatch': 'NONE', 'selfTradePreventionMode': 'EXPIRE_MAKER', 'goodTillDate': 0, 'priceProtect': False, 'origType': 'LIMIT', 'time': 1774020895735, 'updateTime': 1774020895739}
